<?xml version="1.0" encoding="UTF-8"?>
<TestRun id="bcd643da-0e70-4510-8460-77ee1153cbcf" name="CAE User@CAE-A51 2010-12-15 20:31:39" runUser="CAE-A51\CAE User" xmlns="http://microsoft.com/schemas/VisualStudio/TeamTest/2010">
  <TestSettings name="Local" id="bbb74a39-824c-4f0d-aa8b-f9525b8b9c63">
    <Description>These are default test settings for a local test run.</Description>
    <Deployment enabled="false" runDeploymentRoot="CAE User_CAE-A51 2010-12-15 20_31_39">
      <DeploymentItem filename="C:\Users\CAE User\Desktop\base_station_code\WatchCommunicationTests\Rhino.Mocks.dll" />
      <DeploymentItem filename="C:\Users\CAE User\Desktop\base_station_code\WatchCommunication\eZ430_Chronos_Net.dll" />
      <DeploymentItem filename="C:\Users\CAE User\Desktop\base_station_code\WatchCommunication\bin\Debug\WatchCommunication.dll" />
    </Deployment>
    <Execution>
      <TestTypeSpecific />
      <AgentRule name="Execution Agents">
      </AgentRule>
    </Execution>
  </TestSettings>
  <Times creation="2010-12-15T20:31:39.1293601-05:00" queuing="2010-12-15T20:31:39.1503613-05:00" start="2010-12-15T20:31:39.1553616-05:00" finish="2010-12-15T20:31:40.4054331-05:00" />
  <ResultSummary outcome="Error">
    <Counters total="5" executed="5" passed="4" error="1" failed="0" timeout="0" aborted="0" inconclusive="0" passedButRunAborted="0" notRunnable="0" notExecuted="0" disconnected="0" warning="0" completed="0" inProgress="0" pending="0" />
    <RunInfos>
      <RunInfo computerName="CAE-A51" outcome="Error" timestamp="2010-12-15T20:31:39.4543787-05:00">
        <Text>One of the background threads threw exception: 
System.InvalidOperationException: Method 'ISimpliciTIDriver.GetData(anything);' requires a return value or an exception to throw.
   at Rhino.Mocks.Expectations.AbstractExpectation.ReturnOrThrow(IInvocation invocation, Object[] args)
   at Rhino.Mocks.Impl.StubReplayMockState.DoMethodCall(IInvocation invocation, MethodInfo method, Object[] args)
   at Rhino.Mocks.Impl.ReplayMockState.MethodCall(IInvocation invocation, MethodInfo method, Object[] args)
   at Rhino.Mocks.MockRepository.MethodCall(IInvocation invocation, Object proxy, MethodInfo method, Object[] args)
   at Rhino.Mocks.Impl.RhinoInterceptor.Intercept(IInvocation invocation)
   at Castle.DynamicProxy.AbstractInvocation.Proceed()
   at ISimpliciTIDriverProxy8369a398106545f0b3377f515255a25a.GetData(UInt32&amp; data)
   at WatchCommunication.AccessPoint.&lt;&gt;c__DisplayClass6.&lt;GetData&gt;b__4() in C:\Users\CAE User\Desktop\base_station_code\WatchCommunication\AccessPoint.cs:line 116
   at System.Threading.ThreadHelper.ThreadStart_Context(Object state)
   at System.Threading.ExecutionContext.runTryCode(Object userData)
   at System.Runtime.CompilerServices.RuntimeHelpers.ExecuteCodeWithGuaranteedCleanup(TryCode code, CleanupCode backoutCode, Object userData)
   at System.Threading.ExecutionContext.RunInternal(ExecutionContext executionContext, ContextCallback callback, Object state)
   at System.Threading.ExecutionContext.Run(ExecutionContext executionContext, ContextCallback callback, Object state, Boolean ignoreSyncCtx)
   at System.Threading.ExecutionContext.Run(ExecutionContext executionContext, ContextCallback callback, Object state)
   at System.Threading.ThreadHelper.ThreadStart()</Text>
      </RunInfo>
    </RunInfos>
  </ResultSummary>
  <TestDefinitions>
    <UnitTest name="IsConnectedTest" storage="c:\users\cae user\desktop\base_station_code\watchcommunicationtests\bin\debug\watchcommunicationtests.dll" id="c892fa1b-0ded-e4c8-ab7b-4ae4f9bd27be">
      <Execution id="c31283fe-3ee3-442d-944f-5fc42c6753c3" />
      <TestMethod codeBase="C:/Users/CAE User/Desktop/base_station_code/WatchCommunicationTests/bin/Debug/WatchCommunicationTests.DLL" adapterTypeName="Microsoft.VisualStudio.TestTools.TestTypes.Unit.UnitTestAdapter, Microsoft.VisualStudio.QualityTools.Tips.UnitTest.Adapter, Version=10.0.0.0, Culture=neutral, PublicKeyToken=b03f5f7f11d50a3a" className="WatchCommunicationTests.AccessPointTest, WatchCommunicationTests, Version=1.0.0.0, Culture=neutral, PublicKeyToken=null" name="IsConnectedTest" />
    </UnitTest>
    <UnitTest name="CannotStartSimpliciTITest" storage="c:\users\cae user\desktop\base_station_code\watchcommunicationtests\bin\debug\watchcommunicationtests.dll" id="9c500788-2a5c-61ff-0512-5234190558f9">
      <Execution id="1a7b038d-23e2-415b-93d7-599dbff136d1" />
      <TestMethod codeBase="C:/Users/CAE User/Desktop/base_station_code/WatchCommunicationTests/bin/Debug/WatchCommunicationTests.DLL" adapterTypeName="Microsoft.VisualStudio.TestTools.TestTypes.Unit.UnitTestAdapter, Microsoft.VisualStudio.QualityTools.Tips.UnitTest.Adapter, Version=10.0.0.0, Culture=neutral, PublicKeyToken=b03f5f7f11d50a3a" className="WatchCommunicationTests.AccessPointTest, WatchCommunicationTests, Version=1.0.0.0, Culture=neutral, PublicKeyToken=null" name="CannotStartSimpliciTITest" />
    </UnitTest>
    <UnitTest name="CannotFindCOMPortTest" storage="c:\users\cae user\desktop\base_station_code\watchcommunicationtests\bin\debug\watchcommunicationtests.dll" id="6d254751-a05d-a5a1-9051-181ebbdad862">
      <Execution id="0de47a35-4a9f-4da0-8e8d-81979c6e9f23" />
      <TestMethod codeBase="C:/Users/CAE User/Desktop/base_station_code/WatchCommunicationTests/bin/Debug/WatchCommunicationTests.DLL" adapterTypeName="Microsoft.VisualStudio.TestTools.TestTypes.Unit.UnitTestAdapter, Microsoft.VisualStudio.QualityTools.Tips.UnitTest.Adapter, Version=10.0.0.0, Culture=neutral, PublicKeyToken=b03f5f7f11d50a3a" className="WatchCommunicationTests.AccessPointTest, WatchCommunicationTests, Version=1.0.0.0, Culture=neutral, PublicKeyToken=null" name="CannotFindCOMPortTest" />
    </UnitTest>
    <UnitTest name="CannotOpenTest" storage="c:\users\cae user\desktop\base_station_code\watchcommunicationtests\bin\debug\watchcommunicationtests.dll" id="7102df80-3569-45e5-d778-21bbcf5aa57a">
      <Execution id="f92561e8-7506-4273-9eb1-48f32c166f4f" />
      <TestMethod codeBase="C:/Users/CAE User/Desktop/base_station_code/WatchCommunicationTests/bin/Debug/WatchCommunicationTests.DLL" adapterTypeName="Microsoft.VisualStudio.TestTools.TestTypes.Unit.UnitTestAdapter, Microsoft.VisualStudio.QualityTools.Tips.UnitTest.Adapter, Version=10.0.0.0, Culture=neutral, PublicKeyToken=b03f5f7f11d50a3a" className="WatchCommunicationTests.AccessPointTest, WatchCommunicationTests, Version=1.0.0.0, Culture=neutral, PublicKeyToken=null" name="CannotOpenTest" />
    </UnitTest>
    <UnitTest name="PacketRecievedTest" storage="c:\users\cae user\desktop\base_station_code\watchcommunicationtests\bin\debug\watchcommunicationtests.dll" id="5b4c282a-bb82-26e4-1808-4d99e3f2a8ec">
      <Execution id="06539307-9bc9-44f2-b342-a969759a79c4" />
      <TestMethod codeBase="C:/Users/CAE User/Desktop/base_station_code/WatchCommunicationTests/bin/Debug/WatchCommunicationTests.DLL" adapterTypeName="Microsoft.VisualStudio.TestTools.TestTypes.Unit.UnitTestAdapter, Microsoft.VisualStudio.QualityTools.Tips.UnitTest.Adapter, Version=10.0.0.0, Culture=neutral, PublicKeyToken=b03f5f7f11d50a3a" className="WatchCommunicationTests.AccessPointTest, WatchCommunicationTests, Version=1.0.0.0, Culture=neutral, PublicKeyToken=null" name="PacketRecievedTest" />
    </UnitTest>
  </TestDefinitions>
  <TestLists>
    <TestList name="Results Not in a List" id="8c84fa94-04c1-424b-9868-57a2d4851a1d" />
    <TestList name="All Loaded Results" id="19431567-8539-422a-85d7-44ee4e166bda" />
  </TestLists>
  <TestEntries>
    <TestEntry testId="5b4c282a-bb82-26e4-1808-4d99e3f2a8ec" executionId="06539307-9bc9-44f2-b342-a969759a79c4" testListId="8c84fa94-04c1-424b-9868-57a2d4851a1d" />
    <TestEntry testId="6d254751-a05d-a5a1-9051-181ebbdad862" executionId="0de47a35-4a9f-4da0-8e8d-81979c6e9f23" testListId="8c84fa94-04c1-424b-9868-57a2d4851a1d" />
    <TestEntry testId="7102df80-3569-45e5-d778-21bbcf5aa57a" executionId="f92561e8-7506-4273-9eb1-48f32c166f4f" testListId="8c84fa94-04c1-424b-9868-57a2d4851a1d" />
    <TestEntry testId="9c500788-2a5c-61ff-0512-5234190558f9" executionId="1a7b038d-23e2-415b-93d7-599dbff136d1" testListId="8c84fa94-04c1-424b-9868-57a2d4851a1d" />
    <TestEntry testId="c892fa1b-0ded-e4c8-ab7b-4ae4f9bd27be" executionId="c31283fe-3ee3-442d-944f-5fc42c6753c3" testListId="8c84fa94-04c1-424b-9868-57a2d4851a1d" />
  </TestEntries>
  <Results>
    <UnitTestResult executionId="06539307-9bc9-44f2-b342-a969759a79c4" testId="5b4c282a-bb82-26e4-1808-4d99e3f2a8ec" testName="PacketRecievedTest" computerName="CAE-A51" startTime="2010-12-15T20:31:39.1563617-05:00" endTime="2010-12-15T20:31:39.6343890-05:00" testType="13cdc9d9-ddb5-4fa4-a97d-d965ccfc6d4b" testListId="8c84fa94-04c1-424b-9868-57a2d4851a1d" relativeResultsDirectory="06539307-9bc9-44f2-b342-a969759a79c4">
      <Output>
        <ErrorInfo>
          <Message>The agent process was stopped while the test was running.</Message>
        </ErrorInfo>
      </Output>
    </UnitTestResult>
    <UnitTestResult executionId="0de47a35-4a9f-4da0-8e8d-81979c6e9f23" testId="6d254751-a05d-a5a1-9051-181ebbdad862" testName="CannotFindCOMPortTest" computerName="CAE-A51" duration="00:00:00.1373048" startTime="2010-12-15T20:31:39.6403894-05:00" endTime="2010-12-15T20:31:40.0344119-05:00" testType="13cdc9d9-ddb5-4fa4-a97d-d965ccfc6d4b" outcome="Passed" testListId="8c84fa94-04c1-424b-9868-57a2d4851a1d" relativeResultsDirectory="0de47a35-4a9f-4da0-8e8d-81979c6e9f23">
    </UnitTestResult>
    <UnitTestResult executionId="f92561e8-7506-4273-9eb1-48f32c166f4f" testId="7102df80-3569-45e5-d778-21bbcf5aa57a" testName="CannotOpenTest" computerName="CAE-A51" duration="00:00:00.0029545" startTime="2010-12-15T20:31:40.0344119-05:00" endTime="2010-12-15T20:31:40.0414123-05:00" testType="13cdc9d9-ddb5-4fa4-a97d-d965ccfc6d4b" outcome="Passed" testListId="8c84fa94-04c1-424b-9868-57a2d4851a1d" relativeResultsDirectory="f92561e8-7506-4273-9eb1-48f32c166f4f">
    </UnitTestResult>
    <UnitTestResult executionId="1a7b038d-23e2-415b-93d7-599dbff136d1" testId="9c500788-2a5c-61ff-0512-5234190558f9" testName="CannotStartSimpliciTITest" computerName="CAE-A51" duration="00:00:00.0464211" startTime="2010-12-15T20:31:40.0414123-05:00" endTime="2010-12-15T20:31:40.0984156-05:00" testType="13cdc9d9-ddb5-4fa4-a97d-d965ccfc6d4b" outcome="Passed" testListId="8c84fa94-04c1-424b-9868-57a2d4851a1d" relativeResultsDirectory="1a7b038d-23e2-415b-93d7-599dbff136d1">
    </UnitTestResult>
    <UnitTestResult executionId="c31283fe-3ee3-442d-944f-5fc42c6753c3" testId="c892fa1b-0ded-e4c8-ab7b-4ae4f9bd27be" testName="IsConnectedTest" computerName="CAE-A51" duration="00:00:00.0575406" startTime="2010-12-15T20:31:40.0994156-05:00" endTime="2010-12-15T20:31:40.1934210-05:00" testType="13cdc9d9-ddb5-4fa4-a97d-d965ccfc6d4b" outcome="Passed" testListId="8c84fa94-04c1-424b-9868-57a2d4851a1d" relativeResultsDirectory="c31283fe-3ee3-442d-944f-5fc42c6753c3">
    </UnitTestResult>
  </Results>
</TestRun>