<?xml version="1.0" encoding="UTF-8"?>
<TestRun id="6fb9948c-7db8-4117-937d-a783a10139ae" name="CAE User@CAE-A51 2010-12-15 20:22:15" runUser="CAE-A51\CAE User" xmlns="http://microsoft.com/schemas/VisualStudio/TeamTest/2010">
  <TestSettings name="Local" id="bbb74a39-824c-4f0d-aa8b-f9525b8b9c63">
    <Description>These are default test settings for a local test run.</Description>
    <Deployment userDeploymentRoot="C:\Users\CAE User\Desktop\base_station_code\TestResults" useDefaultDeploymentRoot="false" enabled="false" runDeploymentRoot="CAE User_CAE-A51 2010-12-15 20_22_15">
      <DeploymentItem filename="C:\Users\CAE User\Desktop\base_station_code\WatchCommunicationTests\Rhino.Mocks.dll" />
      <DeploymentItem filename="C:\Users\CAE User\Desktop\base_station_code\WatchCommunication\eZ430_Chronos_Net.dll" />
      <DeploymentItem filename="C:\Users\CAE User\Desktop\base_station_code\WatchCommunication\bin\Debug\WatchCommunication.dll" />
    </Deployment>
    <Execution>
      <TestTypeSpecific />
      <AgentRule name="Execution Agents">
      </AgentRule>
    </Execution>
  </TestSettings>
  <Times creation="2010-12-15T20:22:15.3841158-05:00" queuing="2010-12-15T20:22:16.2491652-05:00" start="2010-12-15T20:22:16.3531712-05:00" finish="2010-12-15T20:22:48.3249999-05:00" />
  <ResultSummary outcome="Aborted">
    <Counters total="1" executed="1" error="0" failed="0" timeout="0" aborted="1" inconclusive="0" passedButRunAborted="0" notRunnable="0" notExecuted="0" disconnected="0" warning="0" passed="0" completed="0" inProgress="0" pending="0" />
  </ResultSummary>
  <TestDefinitions>
    <UnitTest name="PacketRecievedTest" storage="c:\users\cae user\desktop\base_station_code\watchcommunicationtests\bin\debug\watchcommunicationtests.dll" id="5b4c282a-bb82-26e4-1808-4d99e3f2a8ec">
      <Execution id="96c5adb1-30c2-4877-85f0-291aa892d421" />
      <TestMethod codeBase="C:/Users/CAE User/Desktop/base_station_code/WatchCommunicationTests/bin/Debug/WatchCommunicationTests.DLL" adapterTypeName="Microsoft.VisualStudio.TestTools.TestTypes.Unit.UnitTestAdapter, Microsoft.VisualStudio.QualityTools.Tips.UnitTest.Adapter, Version=10.0.0.0, Culture=neutral, PublicKeyToken=b03f5f7f11d50a3a" className="WatchCommunicationTests.AccessPointTest, WatchCommunicationTests, Version=1.0.0.0, Culture=neutral, PublicKeyToken=null" name="PacketRecievedTest" />
    </UnitTest>
  </TestDefinitions>
  <TestLists>
    <TestList name="Results Not in a List" id="8c84fa94-04c1-424b-9868-57a2d4851a1d" />
    <TestList name="All Loaded Results" id="19431567-8539-422a-85d7-44ee4e166bda" />
  </TestLists>
  <TestEntries>
    <TestEntry testId="5b4c282a-bb82-26e4-1808-4d99e3f2a8ec" executionId="96c5adb1-30c2-4877-85f0-291aa892d421" testListId="8c84fa94-04c1-424b-9868-57a2d4851a1d" />
  </TestEntries>
  <Results>
    <UnitTestResult executionId="96c5adb1-30c2-4877-85f0-291aa892d421" testId="5b4c282a-bb82-26e4-1808-4d99e3f2a8ec" testName="PacketRecievedTest" computerName="CAE-A51" duration="00:00:26.6055218" startTime="2010-12-15T20:22:16.4601773-05:00" endTime="2010-12-15T20:22:43.0656991-05:00" testType="13cdc9d9-ddb5-4fa4-a97d-d965ccfc6d4b" outcome="Aborted" testListId="8c84fa94-04c1-424b-9868-57a2d4851a1d" relativeResultsDirectory="96c5adb1-30c2-4877-85f0-291aa892d421">
      <Output>
        <ErrorInfo>
          <Message>User aborted test run.</Message>
        </ErrorInfo>
      </Output>
    </UnitTestResult>
  </Results>
</TestRun>